<?xml version="1.0" encoding="UTF-8"?>
<!-- Generated by org.testng.reporters.JUnitReportReporter -->
<testsuite hostname="Riyaz-Ali" name="test.ExtentReportsDemoWithTestNG" tests="2" failures="0" timestamp="4 Aug 2019 17:54:42 GMT" time="5.308" errors="0">
  <testcase name="test" time="3.263" classname="test.ExtentReportsDemoWithTestNG"/>
  <testcase name="test2" time="2.045" classname="test.ExtentReportsDemoWithTestNG"/>
</testsuite> <!-- test.ExtentReportsDemoWithTestNG -->
