<?xml version="1.0" encoding="UTF-8"?>
<!-- Generated by org.testng.reporters.JUnitReportReporter -->
<testsuite hostname="Riyaz-Ali" name="test.TestNG_Demo" tests="1" failures="0" timestamp="4 Aug 2019 10:26:58 GMT" time="4.074" errors="0">
  <testcase name="googleSearchTest" time="4.074" classname="test.TestNG_Demo"/>
</testsuite> <!-- test.TestNG_Demo -->
