<?xml version="1.0" encoding="UTF-8"?>
<!-- Generated by org.testng.reporters.JUnitReportReporter -->
<testsuite hostname="Riyaz-Ali" name="test.TestNG_Demo2" tests="1" failures="0" timestamp="4 Aug 2019 10:26:58 GMT" time="4.221" errors="0">
  <testcase name="googleSearchTwo" time="4.221" classname="test.TestNG_Demo2"/>
</testsuite> <!-- test.TestNG_Demo2 -->
